<mule xmlns="http://www.mulesoft.org/schema/mule/core"
      xmlns:xsi="http://www.w3.org/2001/XMLSchema-instance"
      xmlns:customlogger="http://www.mulesoft.org/schema/mule/customlogger"
      xsi:schemaLocation="http://www.mulesoft.org/schema/mule/core http://www.mulesoft.org/schema/mule/core/current/mule.xsd
          http://www.mulesoft.org/schema/mule/customlogger http://www.mulesoft.org/schema/mule/customlogger/current/mule-customlogger.xsd"
      xmlns:doc="http://www.mulesoft.org/schema/mule/documentation">


    <flow name="logCustomExceptionFlow">
        <customlogger:log-custom-exception doc:id="e859bf23-36bf-4f08-bff8-8e4bbe6e5412"  doc:name="Log custom exception" exceptionType="SYSTEM" exceptionSeverity="HIGH" logMessage="Error while processing transaction" />
    </flow>
    
   <flow name="logDefaultFlow">
        <customlogger:log-default doc:id="d1e7cd53-9e1e-4831-bea1-8f9cb4fdca12" doc:name="Log default"  logMessage="Message default"/> 
    </flow>

</mule>
